2025-09-03 06:32:51,805 - ERROR - Found ERROR: unsupported operand type(s) for -: 'datetime.datetime' and 'builtin_function_or_method'
2025-09-03 06:33:15,480 - INFO - Time Taken for to connect database : 0:00:00.000385 min 
2025-09-03 06:33:15,480 - INFO - Database Connected Sucessfully!
2025-09-03 06:40:07,261 - INFO - Time Taken for to connect database : 0:00:00.000375 min 
2025-09-03 06:40:07,261 - INFO - Database Connected Sucessfully!
2025-09-03 06:40:59,124 - INFO - Time Taken for to connect database : 0:00:00.000395 min 
2025-09-03 06:40:59,124 - INFO - Database Connected Sucessfully!
2025-09-03 06:40:59,125 - INFO - Engine(mssql+pyodbc://@DESKTOP-2QO4EC0\SQLEXPRESS/inventory?driver=ODBC+Driver+17+for+SQL+Server&trusted_connection=yes%22)
2025-09-03 06:43:36,501 - INFO - Time Taken for to connect database : 0:00:00.000355 min 
2025-09-03 06:43:36,501 - INFO - Database Connected Sucessfully!
2025-09-03 06:44:04,947 - INFO - Time Taken for to connect database : 0:00:00.000347 min 
2025-09-03 06:44:04,947 - INFO - Database Connected Sucessfully!
2025-09-03 06:47:22,169 - INFO - Time Taken for to connect database : 0:00:00.000555 min 
2025-09-03 06:47:22,169 - INFO - Database Connected Sucessfully!
 preview of tables begin_inventory
2025-09-03 06:53:16,450 - INFO -          InventoryId  Store          City  Brand                  Description  \
0  1_HARDERSFIELD_58      1  HARDERSFIELD     58  Gekkeikan Black & Gold Sake   
1  1_HARDERSFIELD_60      1  HARDERSFIELD     60       Canadian Club 1858 VAP   
2  1_HARDERSFIELD_62      1  HARDERSFIELD     62     Herradura Silver Tequila   
3  1_HARDERSFIELD_63      1  HARDERSFIELD     63   Herradura Reposado Tequila   
4  1_HARDERSFIELD_72      1  HARDERSFIELD     72         No. 3 London Dry Gin   

    Size  onHand      Price   startDate  
0  750mL       8  12.990000  2024-01-01  
1  750mL       7  10.990000  2024-01-01  
2  750mL       6  36.990002  2024-01-01  
3  750mL       3  38.990002  2024-01-01  
4  750mL       6  34.990002  2024-01-01  
2025-09-03 06:53:16,464 - INFO - 
 preview of tables end_inventory
2025-09-03 06:53:16,464 - INFO -          InventoryId  Store          City  Brand                  Description  \
0  1_HARDERSFIELD_58      1  HARDERSFIELD     58  Gekkeikan Black & Gold Sake   
1  1_HARDERSFIELD_62      1  HARDERSFIELD     62     Herradura Silver Tequila   
2  1_HARDERSFIELD_63      1  HARDERSFIELD     63   Herradura Reposado Tequila   
3  1_HARDERSFIELD_72      1  HARDERSFIELD     72         No. 3 London Dry Gin   
4  1_HARDERSFIELD_75      1  HARDERSFIELD     75    Three Olives Tomato Vodka   

    Size  onHand      Price     endDate  
0  750mL      11  12.990000  2024-12-31  
1  750mL       7  36.990002  2024-12-31  
2  750mL       7  38.990002  2024-12-31  
3  750mL       4  34.990002  2024-12-31  
4  750mL       7  14.990000  2024-12-31  
2025-09-03 06:53:16,475 - INFO - 
 preview of tables purchase_prices
2025-09-03 06:53:16,475 - INFO -    Brand                  Description      Price   Size  Volume  \
0     58  Gekkeikan Black & Gold Sake  12.990000  750mL     750   
1     62     Herradura Silver Tequila  36.990002  750mL     750   
2     63   Herradura Reposado Tequila  38.990002  750mL     750   
3     72         No. 3 London Dry Gin  34.990002  750mL     750   
4     75    Three Olives Tomato Vodka  14.990000  750mL     750   

   Classification  PurchasePrice  VendorNumber                   VendorName  
0               1       9.280000          8320  SHAW ROSS INT L IMP LTD      
1               1      28.670000          1128  BROWN-FORMAN CORP            
2               1      30.459999          1128  BROWN-FORMAN CORP            
3               1      26.110001          9165  ULTRA BEVERAGE COMPANY LLP   
4               1      10.940000          7245  PROXIMO SPIRITS INC.         
2025-09-03 06:53:16,487 - INFO - 
 preview of tables sales
2025-09-03 06:53:16,487 - INFO -            InventoryId  Store  Brand                 Description        Size  \
0  1_HARDERSFIELD_1004      1   1004  Jim Beam w/2 Rocks Glasses       750mL   
1  1_HARDERSFIELD_1004      1   1004  Jim Beam w/2 Rocks Glasses       750mL   
2  1_HARDERSFIELD_1004      1   1004  Jim Beam w/2 Rocks Glasses       750mL   
3  1_HARDERSFIELD_1004      1   1004  Jim Beam w/2 Rocks Glasses       750mL   
4  1_HARDERSFIELD_1005      1   1005     Maker's Mark Combo Pack  375mL 2 Pk   

   SalesQuantity  SalesDollars  SalesPrice   SalesDate  Volume  \
0              1         16.49       16.49  2024-01-01   750.0   
1              2         32.98       16.49  2024-01-02   750.0   
2              1         16.49       16.49  2024-01-03   750.0   
3              1         14.49       14.49  2024-01-08   750.0   
4              2         69.98       34.99  2024-01-09   375.0   

   Classification  ExciseTax  VendorNo                   VendorName  
0               1       0.79     12546  JIM BEAM BRANDS COMPANY      
1               1       1.57     12546  JIM BEAM BRANDS COMPANY      
2               1       0.79     12546  JIM BEAM BRANDS COMPANY      
3               1       0.79     12546  JIM BEAM BRANDS COMPANY      
4               1       0.79     12546  JIM BEAM BRANDS COMPANY      
2025-09-03 06:53:16,500 - INFO - 
 preview of tables purchase
2025-09-03 06:53:16,500 - INFO -            InventoryId  Store  Brand                   Description   Size  \
0    69_MOUNTMEND_8412     69   8412     Tequila Ocho Plata Fresno  750mL   
1     30_CULCHETH_5255     30   5255  TGI Fridays Ultimte Mudslide  1.75L   
2    34_PITMERDEN_5215     34   5215  TGI Fridays Long Island Iced  1.75L   
3  1_HARDERSFIELD_5255      1   5255  TGI Fridays Ultimte Mudslide  1.75L   
4    76_DONCASTER_2034     76   2034     Glendalough Double Barrel  750mL   

   VendorNumber                   VendorName  PONumber      PODate  \
0           105  ALTAMAR BRANDS LLC               8124  2023-12-21   
1          4466  AMERICAN VINTAGE BEVERAGE        8137  2023-12-22   
2          4466  AMERICAN VINTAGE BEVERAGE        8137  2023-12-22   
3          4466  AMERICAN VINTAGE BEVERAGE        8137  2023-12-22   
4           388  ATLANTIC IMPORTING COMPANY       8169  2023-12-24   

  ReceivingDate InvoiceDate     PayDate  PurchasePrice  Quantity  Dollars  \
0    2024-01-02  2024-01-04  2024-02-16          35.71         6   214.26   
1    2024-01-01  2024-01-07  2024-02-21           9.35         4    37.40   
2    2024-01-02  2024-01-07  2024-02-21           9.41         5    47.05   
3    2024-01-01  2024-01-07  2024-02-21           9.35         6    56.10   
4    2024-01-02  2024-01-09  2024-02-16          21.32         5   106.60   

   Classification  
0               1  
1               1  
2               1  
3               1  
4               1  
2025-09-03 06:53:16,514 - INFO - 
 preview of tables vendor_invoice
2025-09-03 06:53:16,514 - INFO -    VendorNumber                   VendorName InvoiceDate  PONumber  \
0           105  ALTAMAR BRANDS LLC           2024-01-04      8124   
1          4466  AMERICAN VINTAGE BEVERAGE    2024-01-07      8137   
2           388  ATLANTIC IMPORTING COMPANY   2024-01-09      8169   
3           480  BACARDI USA INC              2024-01-12      8106   
4           516  BANFI PRODUCTS CORP          2024-01-07      8170   

       PODate     PayDate  Quantity    Dollars  Freight Approval  
0  2023-12-21  2024-02-16         6     214.26     3.47     None  
1  2023-12-22  2024-02-21        15     140.55     8.57     None  
2  2023-12-24  2024-02-16         5     106.60     4.61     None  
3  2023-12-20  2024-02-05     10100  137483.78  2935.20     None  
4  2023-12-24  2024-02-12      1935   15527.25   429.20     None  
2025-09-03 06:53:16,525 - INFO - 
 preview of tables purchases
2025-09-03 06:53:16,526 - INFO -            InventoryId  Store  Brand                   Description   Size  \
0    69_MOUNTMEND_8412     69   8412     Tequila Ocho Plata Fresno  750mL   
1     30_CULCHETH_5255     30   5255  TGI Fridays Ultimte Mudslide  1.75L   
2    34_PITMERDEN_5215     34   5215  TGI Fridays Long Island Iced  1.75L   
3  1_HARDERSFIELD_5255      1   5255  TGI Fridays Ultimte Mudslide  1.75L   
4    76_DONCASTER_2034     76   2034     Glendalough Double Barrel  750mL   

   VendorNumber                   VendorName  PONumber      PODate  \
0           105  ALTAMAR BRANDS LLC               8124  2023-12-21   
1          4466  AMERICAN VINTAGE BEVERAGE        8137  2023-12-22   
2          4466  AMERICAN VINTAGE BEVERAGE        8137  2023-12-22   
3          4466  AMERICAN VINTAGE BEVERAGE        8137  2023-12-22   
4           388  ATLANTIC IMPORTING COMPANY       8169  2023-12-24   

  ReceivingDate InvoiceDate     PayDate  PurchasePrice  Quantity  Dollars  \
0    2024-01-02  2024-01-04  2024-02-16          35.71         6   214.26   
1    2024-01-01  2024-01-07  2024-02-21           9.35         4    37.40   
2    2024-01-02  2024-01-07  2024-02-21           9.41         5    47.05   
3    2024-01-01  2024-01-07  2024-02-21           9.35         6    56.10   
4    2024-01-02  2024-01-09  2024-02-16          21.32         5   106.60   

   Classification  
0               1  
1               1  
2               1  
3               1  
4               1  
